ninja: Entering directory `/Users/songruiyang/ndk-samples/native-activity/app/.cxx/Debug/d5v272x6/arm64-v8a'
[1/2] Building CXX object CMakeFiles/native-activity.dir/main.cpp.o
FAILED: CMakeFiles/native-activity.dir/main.cpp.o 
/Users/songruiyang/Library/Android/sdk/ndk/25.1.8937393/toolchains/llvm/prebuilt/darwin-x86_64/bin/clang++ --target=aarch64-none-linux-android21 --sysroot=/Users/songruiyang/Library/Android/sdk/ndk/25.1.8937393/toolchains/llvm/prebuilt/darwin-x86_64/sysroot -Dnative_activity_EXPORTS -I/Users/songruiyang/Library/Android/sdk/ndk/25.1.8937393/sources/android/native_app_glue -g -DANDROID -fdata-sections -ffunction-sections -funwind-tables -fstack-protector-strong -no-canonical-prefixes -D_FORTIFY_SOURCE=2 -Wformat -Werror=format-security   -std=gnu++11 -Wall -Werror -fno-limit-debug-info  -fPIC -MD -MT CMakeFiles/native-activity.dir/main.cpp.o -MF CMakeFiles/native-activity.dir/main.cpp.o.d -o CMakeFiles/native-activity.dir/main.cpp.o -c /Users/songruiyang/ndk-samples/native-activity/app/src/main/cpp/main.cpp
In file included from /Users/songruiyang/ndk-samples/native-activity/app/src/main/cpp/main.cpp:32:
/Users/songruiyang/ndk-samples/native-activity/app/src/main/cpp/filament/filament/include/filament/Engine.h:20:10: fatal error: 'backend/Platform.h' file not found
#include <backend/Platform.h>
         ^~~~~~~~~~~~~~~~~~~~
1 error generated.
ninja: build stopped: subcommand failed.
